# JRE version: OpenJDK Runtime Environment Temurin-17.0.7+7 (17.0.7+7) (build 17.0.7+7)
# Java VM: OpenJDK 64-Bit Server VM Temurin-17.0.7+7 (17.0.7+7, mixed mode, tiered, compressed oops, compressed class ptrs, parallel gc, windows-amd64)
GC Precious Log:
 CPUs: 8 total, 8 available
 Memory: 16309M
 Large Page Support: Disabled
 NUMA Support: Disabled
 Compressed Oops: Enabled (32-bit)
 Alignments: Space 512K, Generation 512K, Heap 2M
 Heap Min Capacity: 100M
 Heap Initial Capacity: 100M
 Heap Max Capacity: 1G
 Pre-touch: Disabled
 Parallel Workers: 8
Heap:
 PSYoungGen      total 15872K, used 5451K [0x00000000eab00000, 0x00000000ec280000, 0x0000000100000000)
  eden space 10240K, 0% used [0x00000000eab00000,0x00000000eab00000,0x00000000eb500000)
  from space 5632K, 96% used [0x00000000ebd00000,0x00000000ec252fd8,0x00000000ec280000)
  to   space 6656K, 0% used [0x00000000eb580000,0x00000000eb580000,0x00000000ebc00000)
 ParOldGen       total 311808K, used 309936K [0x00000000c0000000, 0x00000000d3080000, 0x00000000eab00000)
  object space 311808K, 99% used [0x00000000c0000000,0x00000000d2eac358,0x00000000d3080000)
 Metaspace       used 66350K, committed 67456K, reserved 1114112K
  class space    used 7222K, committed 7680K, reserved 1048576K
GC Heap History (20 events):
Event: 15.334 GC heap after
{Heap after GC invocations=300 (full 12):
 PSYoungGen      total 5632K, used 352K [0x00000000eab00000, 0x00000000eb480000, 0x0000000100000000)
  eden space 4096K, 0% used [0x00000000eab00000,0x00000000eab00000,0x00000000eaf00000)
  from space 1536K, 22% used [0x00000000eb200000,0x00000000eb258000,0x00000000eb380000)
  to   space 1024K, 0% used [0x00000000eb380000,0x00000000eb380000,0x00000000eb480000)
 ParOldGen       total 311808K, used 296849K [0x00000000c0000000, 0x00000000d3080000, 0x00000000eab00000)
  object space 311808K, 95% used [0x00000000c0000000,0x00000000d21e4548,0x00000000d3080000)
 Metaspace       used 65296K, committed 66304K, reserved 1114112K
  class space    used 7128K, committed 7552K, reserved 1048576K
}
Event: 15.342 GC heap before
{Heap before GC invocations=301 (full 12):
 PSYoungGen      total 5632K, used 4448K [0x00000000eab00000, 0x00000000eb480000, 0x0000000100000000)
  eden space 4096K, 100% used [0x00000000eab00000,0x00000000eaf00000,0x00000000eaf00000)
  from space 1536K, 22% used [0x00000000eb200000,0x00000000eb258000,0x00000000eb380000)
  to   space 1024K, 0% used [0x00000000eb380000,0x00000000eb380000,0x00000000eb480000)
 ParOldGen       total 311808K, used 296849K [0x00000000c0000000, 0x00000000d3080000, 0x00000000eab00000)
  object space 311808K, 95% used [0x00000000c0000000,0x00000000d21e4548,0x00000000d3080000)
 Metaspace       used 65296K, committed 66304K, reserved 1114112K
  class space    used 7128K, committed 7552K, reserved 1048576K
}
Event: 15.344 GC heap after
{Heap after GC invocations=301 (full 12):
 PSYoungGen      total 5632K, used 480K [0x00000000eab00000, 0x00000000eb400000, 0x0000000100000000)
  eden space 5120K, 0% used [0x00000000eab00000,0x00000000eab00000,0x00000000eb000000)
  from space 512K, 93% used [0x00000000eb380000,0x00000000eb3f8000,0x00000000eb400000)
  to   space 512K, 0% used [0x00000000eb300000,0x00000000eb300000,0x00000000eb380000)
 ParOldGen       total 311808K, used 297089K [0x00000000c0000000, 0x00000000d3080000, 0x00000000eab00000)
  object space 311808K, 95% used [0x00000000c0000000,0x00000000d2220548,0x00000000d3080000)
 Metaspace       used 65296K, committed 66304K, reserved 1114112K
  class space    used 7128K, committed 7552K, reserved 1048576K
}
Event: 15.354 GC heap before
{Heap before GC invocations=302 (full 12):
 PSYoungGen      total 5632K, used 5600K [0x00000000eab00000, 0x00000000eb400000, 0x0000000100000000)
  eden space 5120K, 100% used [0x00000000eab00000,0x00000000eb000000,0x00000000eb000000)
  from space 512K, 93% used [0x00000000eb380000,0x00000000eb3f8000,0x00000000eb400000)
  to   space 512K, 0% used [0x00000000eb300000,0x00000000eb300000,0x00000000eb380000)
 ParOldGen       total 311808K, used 297089K [0x00000000c0000000, 0x00000000d3080000, 0x00000000eab00000)
  object space 311808K, 95% used [0x00000000c0000000,0x00000000d2220548,0x00000000d3080000)
 Metaspace       used 65296K, committed 66304K, reserved 1114112K
  class space    used 7128K, committed 7552K, reserved 1048576K
}
Event: 15.356 GC heap after
{Heap after GC invocations=302 (full 12):
 PSYoungGen      total 6656K, used 384K [0x00000000eab00000, 0x00000000eb400000, 0x0000000100000000)
  eden space 6144K, 0% used [0x00000000eab00000,0x00000000eab00000,0x00000000eb100000)
  from space 512K, 75% used [0x00000000eb300000,0x00000000eb360000,0x00000000eb380000)
  to   space 512K, 0% used [0x00000000eb380000,0x00000000eb380000,0x00000000eb400000)
 ParOldGen       total 311808K, used 297249K [0x00000000c0000000, 0x00000000d3080000, 0x00000000eab00000)
  object space 311808K, 95% used [0x00000000c0000000,0x00000000d2248548,0x00000000d3080000)
 Metaspace       used 65296K, committed 66304K, reserved 1114112K
  class space    used 7128K, committed 7552K, reserved 1048576K
}
Event: 15.407 GC heap before
{Heap before GC invocations=303 (full 12):
 PSYoungGen      total 6656K, used 6528K [0x00000000eab00000, 0x00000000eb400000, 0x0000000100000000)
  eden space 6144K, 100% used [0x00000000eab00000,0x00000000eb100000,0x00000000eb100000)
  from space 512K, 75% used [0x00000000eb300000,0x00000000eb360000,0x00000000eb380000)
  to   space 512K, 0% used [0x00000000eb380000,0x00000000eb380000,0x00000000eb400000)
 ParOldGen       total 311808K, used 297249K [0x00000000c0000000, 0x00000000d3080000, 0x00000000eab00000)
  object space 311808K, 95% used [0x00000000c0000000,0x00000000d2248548,0x00000000d3080000)
 Metaspace       used 65297K, committed 66304K, reserved 1114112K
  class space    used 7128K, committed 7552K, reserved 1048576K
}
Event: 15.409 GC heap after
{Heap after GC invocations=303 (full 12):
 PSYoungGen      total 7680K, used 448K [0x00000000eab00000, 0x00000000eb400000, 0x0000000100000000)
  eden space 7168K, 0% used [0x00000000eab00000,0x00000000eab00000,0x00000000eb200000)
  from space 512K, 87% used [0x00000000eb380000,0x00000000eb3f0000,0x00000000eb400000)
  to   space 512K, 0% used [0x00000000eb300000,0x00000000eb300000,0x00000000eb380000)
 ParOldGen       total 311808K, used 297405K [0x00000000c0000000, 0x00000000d3080000, 0x00000000eab00000)
  object space 311808K, 95% used [0x00000000c0000000,0x00000000d226f518,0x00000000d3080000)
 Metaspace       used 65297K, committed 66304K, reserved 1114112K
  class space    used 7128K, committed 7552K, reserved 1048576K
}
Event: 15.427 GC heap before
{Heap before GC invocations=304 (full 12):
 PSYoungGen      total 7680K, used 7616K [0x00000000eab00000, 0x00000000eb400000, 0x0000000100000000)
  eden space 7168K, 100% used [0x00000000eab00000,0x00000000eb200000,0x00000000eb200000)
  from space 512K, 87% used [0x00000000eb380000,0x00000000eb3f0000,0x00000000eb400000)
  to   space 512K, 0% used [0x00000000eb300000,0x00000000eb300000,0x00000000eb380000)
 ParOldGen       total 311808K, used 297405K [0x00000000c0000000, 0x00000000d3080000, 0x00000000eab00000)
  object space 311808K, 95% used [0x00000000c0000000,0x00000000d226f518,0x00000000d3080000)
 Metaspace       used 65297K, committed 66304K, reserved 1114112K
  class space    used 7128K, committed 7552K, reserved 1048576K
}
Event: 15.429 GC heap after
{Heap after GC invocations=304 (full 12):
 PSYoungGen      total 8704K, used 512K [0x00000000eab00000, 0x00000000eb600000, 0x0000000100000000)
  eden space 8192K, 0% used [0x00000000eab00000,0x00000000eab00000,0x00000000eb300000)
  from space 512K, 100% used [0x00000000eb300000,0x00000000eb380000,0x00000000eb380000)
  to   space 1536K, 0% used [0x00000000eb480000,0x00000000eb480000,0x00000000eb600000)
 ParOldGen       total 311808K, used 298026K [0x00000000c0000000, 0x00000000d3080000, 0x00000000eab00000)
  object space 311808K, 95% used [0x00000000c0000000,0x00000000d230a808,0x00000000d3080000)
 Metaspace       used 65297K, committed 66304K, reserved 1114112K
  class space    used 7128K, committed 7552K, reserved 1048576K
}
Event: 15.451 GC heap before
{Heap before GC invocations=305 (full 12):
 PSYoungGen      total 8704K, used 8704K [0x00000000eab00000, 0x00000000eb600000, 0x0000000100000000)
  eden space 8192K, 100% used [0x00000000eab00000,0x00000000eb300000,0x00000000eb300000)
  from space 512K, 100% used [0x00000000eb300000,0x00000000eb380000,0x00000000eb380000)
  to   space 1536K, 0% used [0x00000000eb480000,0x00000000eb480000,0x00000000eb600000)
 ParOldGen       total 311808K, used 298026K [0x00000000c0000000, 0x00000000d3080000, 0x00000000eab00000)
  object space 311808K, 95% used [0x00000000c0000000,0x00000000d230a808,0x00000000d3080000)
 Metaspace       used 65297K, committed 66304K, reserved 1114112K
  class space    used 7128K, committed 7552K, reserved 1048576K
}
Event: 15.453 GC heap after
{Heap after GC invocations=305 (full 12):
 PSYoungGen      total 9728K, used 1111K [0x00000000eab00000, 0x00000000eb700000, 0x0000000100000000)
  eden space 8192K, 0% used [0x00000000eab00000,0x00000000eab00000,0x00000000eb300000)
  from space 1536K, 72% used [0x00000000eb480000,0x00000000eb595e90,0x00000000eb600000)
  to   space 1536K, 0% used [0x00000000eb300000,0x00000000eb300000,0x00000000eb480000)
 ParOldGen       total 311808K, used 298570K [0x00000000c0000000, 0x00000000d3080000, 0x00000000eab00000)
  object space 311808K, 95% used [0x00000000c0000000,0x00000000d2392808,0x00000000d3080000)
 Metaspace       used 65297K, committed 66304K, reserved 1114112K
  class space    used 7128K, committed 7552K, reserved 1048576K
}
Event: 15.496 GC heap before
{Heap before GC invocations=306 (full 12):
 PSYoungGen      total 9728K, used 9106K [0x00000000eab00000, 0x00000000eb700000, 0x0000000100000000)
  eden space 8192K, 97% used [0x00000000eab00000,0x00000000eb2cea10,0x00000000eb300000)
  from space 1536K, 72% used [0x00000000eb480000,0x00000000eb595e90,0x00000000eb600000)
  to   space 1536K, 0% used [0x00000000eb300000,0x00000000eb300000,0x00000000eb480000)
 ParOldGen       total 311808K, used 298570K [0x00000000c0000000, 0x00000000d3080000, 0x00000000eab00000)
  object space 311808K, 95% used [0x00000000c0000000,0x00000000d2392808,0x00000000d3080000)
 Metaspace       used 65628K, committed 66624K, reserved 1114112K
  class space    used 7159K, committed 7552K, reserved 1048576K
}
Event: 15.499 GC heap after
{Heap after GC invocations=306 (full 12):
 PSYoungGen      total 9728K, used 1536K [0x00000000eab00000, 0x00000000ebd00000, 0x0000000100000000)
  eden space 8192K, 0% used [0x00000000eab00000,0x00000000eab00000,0x00000000eb300000)
  from space 1536K, 100% used [0x00000000eb300000,0x00000000eb480000,0x00000000eb480000)
  to   space 4608K, 0% used [0x00000000eb880000,0x00000000eb880000,0x00000000ebd00000)
 ParOldGen       total 311808K, used 300822K [0x00000000c0000000, 0x00000000d3080000, 0x00000000eab00000)
  object space 311808K, 96% used [0x00000000c0000000,0x00000000d25c5a00,0x00000000d3080000)
 Metaspace       used 65628K, committed 66624K, reserved 1114112K
  class space    used 7159K, committed 7552K, reserved 1048576K
}
Event: 15.545 GC heap before
{Heap before GC invocations=307 (full 12):
 PSYoungGen      total 9728K, used 8959K [0x00000000eab00000, 0x00000000ebd00000, 0x0000000100000000)
  eden space 8192K, 90% used [0x00000000eab00000,0x00000000eb23ff20,0x00000000eb300000)
  from space 1536K, 100% used [0x00000000eb300000,0x00000000eb480000,0x00000000eb480000)
  to   space 4608K, 0% used [0x00000000eb880000,0x00000000eb880000,0x00000000ebd00000)
 ParOldGen       total 311808K, used 300822K [0x00000000c0000000, 0x00000000d3080000, 0x00000000eab00000)
  object space 311808K, 96% used [0x00000000c0000000,0x00000000d25c5a00,0x00000000d3080000)
 Metaspace       used 65746K, committed 66752K, reserved 1114112K
  class space    used 7172K, committed 7616K, reserved 1048576K
}
Event: 15.552 GC heap after
{Heap after GC invocations=307 (full 12):
 PSYoungGen      total 13824K, used 4199K [0x00000000eab00000, 0x00000000ebd00000, 0x0000000100000000)
  eden space 9216K, 0% used [0x00000000eab00000,0x00000000eab00000,0x00000000eb400000)
  from space 4608K, 91% used [0x00000000eb880000,0x00000000ebc99ef8,0x00000000ebd00000)
  to   space 4608K, 0% used [0x00000000eb400000,0x00000000eb400000,0x00000000eb880000)
 ParOldGen       total 311808K, used 303734K [0x00000000c0000000, 0x00000000d3080000, 0x00000000eab00000)
  object space 311808K, 97% used [0x00000000c0000000,0x00000000d289d9f0,0x00000000d3080000)
 Metaspace       used 65746K, committed 66752K, reserved 1114112K
  class space    used 7172K, committed 7616K, reserved 1048576K
}
Event: 15.603 GC heap before
{Heap before GC invocations=308 (full 12):
 PSYoungGen      total 13824K, used 12395K [0x00000000eab00000, 0x00000000ebd00000, 0x0000000100000000)
  eden space 9216K, 88% used [0x00000000eab00000,0x00000000eb300d40,0x00000000eb400000)
  from space 4608K, 91% used [0x00000000eb880000,0x00000000ebc99ef8,0x00000000ebd00000)
  to   space 4608K, 0% used [0x00000000eb400000,0x00000000eb400000,0x00000000eb880000)
 ParOldGen       total 311808K, used 303734K [0x00000000c0000000, 0x00000000d3080000, 0x00000000eab00000)
  object space 311808K, 97% used [0x00000000c0000000,0x00000000d289d9f0,0x00000000d3080000)
 Metaspace       used 66274K, committed 67328K, reserved 1114112K
  class space    used 7220K, committed 7680K, reserved 1048576K
}
Event: 15.607 GC heap after
{Heap after GC invocations=308 (full 12):
 PSYoungGen      total 13824K, used 4600K [0x00000000eab00000, 0x00000000ec500000, 0x0000000100000000)
  eden space 9216K, 0% used [0x00000000eab00000,0x00000000eab00000,0x00000000eb400000)
  from space 4608K, 99% used [0x00000000eb400000,0x00000000eb87e1c8,0x00000000eb880000)
  to   space 8192K, 0% used [0x00000000ebd00000,0x00000000ebd00000,0x00000000ec500000)
 ParOldGen       total 311808K, used 306639K [0x00000000c0000000, 0x00000000d3080000, 0x00000000eab00000)
  object space 311808K, 98% used [0x00000000c0000000,0x00000000d2b73d90,0x00000000d3080000)
 Metaspace       used 66274K, committed 67328K, reserved 1114112K
  class space    used 7220K, committed 7680K, reserved 1048576K
}
Event: 15.623 GC heap before
{Heap before GC invocations=309 (full 12):
 PSYoungGen      total 13824K, used 10156K [0x00000000eab00000, 0x00000000ec500000, 0x0000000100000000)
  eden space 9216K, 60% used [0x00000000eab00000,0x00000000eb06d1c0,0x00000000eb400000)
  from space 4608K, 99% used [0x00000000eb400000,0x00000000eb87e1c8,0x00000000eb880000)
  to   space 8192K, 0% used [0x00000000ebd00000,0x00000000ebd00000,0x00000000ec500000)
 ParOldGen       total 311808K, used 306639K [0x00000000c0000000, 0x00000000d3080000, 0x00000000eab00000)
  object space 311808K, 98% used [0x00000000c0000000,0x00000000d2b73d90,0x00000000d3080000)
 Metaspace       used 66350K, committed 67456K, reserved 1114112K
  class space    used 7222K, committed 7680K, reserved 1048576K
}
Event: 15.627 GC heap after
{Heap after GC invocations=309 (full 12):
 PSYoungGen      total 15872K, used 5451K [0x00000000eab00000, 0x00000000ec280000, 0x0000000100000000)
  eden space 10240K, 0% used [0x00000000eab00000,0x00000000eab00000,0x00000000eb500000)
  from space 5632K, 96% used [0x00000000ebd00000,0x00000000ec252fd8,0x00000000ec280000)
  to   space 6656K, 0% used [0x00000000eb580000,0x00000000eb580000,0x00000000ebc00000)
 ParOldGen       total 311808K, used 309936K [0x00000000c0000000, 0x00000000d3080000, 0x00000000eab00000)
  object space 311808K, 99% used [0x00000000c0000000,0x00000000d2eac358,0x00000000d3080000)
 Metaspace       used 66350K, committed 67456K, reserved 1114112K
  class space    used 7222K, committed 7680K, reserved 1048576K
}
Event: 15.627 GC heap before
{Heap before GC invocations=310 (full 13):
 PSYoungGen      total 15872K, used 5451K [0x00000000eab00000, 0x00000000ec280000, 0x0000000100000000)
  eden space 10240K, 0% used [0x00000000eab00000,0x00000000eab00000,0x00000000eb500000)
  from space 5632K, 96% used [0x00000000ebd00000,0x00000000ec252fd8,0x00000000ec280000)
  to   space 6656K, 0% used [0x00000000eb580000,0x00000000eb580000,0x00000000ebc00000)
 ParOldGen       total 311808K, used 309936K [0x00000000c0000000, 0x00000000d3080000, 0x00000000eab00000)
  object space 311808K, 99% used [0x00000000c0000000,0x00000000d2eac358,0x00000000d3080000)
 Metaspace       used 66350K, committed 67456K, reserved 1114112K
  class space    used 7222K, committed 7680K, reserved 1048576K
}

